/home/feera/scripts/autopush.sh: line 6: usr/bin/git: No such file or directory
/home/feera/scripts/autopush.sh: line 7: date:%Y-%m-%d %H:%M:%S: command not found
/home/feera/scripts/autopush.sh: line 7: usr/bin/git: No such file or directory
/home/feera/scripts/autopush.sh: line 8: usr/bin/git: No such file or directory
/home/feera/scripts/autopush.sh: line 6: usr/bin/git: No such file or directory
/home/feera/scripts/autopush.sh: line 7: date:%Y-%m-%d %H:%M:%S: command not found
/home/feera/scripts/autopush.sh: line 7: usr/bin/git: No such file or directory
/home/feera/scripts/autopush.sh: line 8: usr/bin/git: No such file or directory
/home/feera/scripts/autopush.sh: line 6: usr/bin/git: No such file or directory
/home/feera/scripts/autopush.sh: line 7: date:%Y-%m-%d %H:%M:%S: command not found
/home/feera/scripts/autopush.sh: line 7: usr/bin/git: No such file or directory
/home/feera/scripts/autopush.sh: line 8: usr/bin/git: No such file or directory
/home/feera/scripts/autopush.sh: line 6: usr/bin/git: No such file or directory
/home/feera/scripts/autopush.sh: line 7: date:: command not found
/home/feera/scripts/autopush.sh: line 7: usr/bin/git: No such file or directory
/home/feera/scripts/autopush.sh: line 8: usr/bin/git: No such file or directory
/home/feera/scripts/autopush.sh: line 6: usr/bin/git: No such file or directory
/home/feera/scripts/autopush.sh: line 7: date:: command not found
/home/feera/scripts/autopush.sh: line 7: usr/bin/git: No such file or directory
/home/feera/scripts/autopush.sh: line 8: usr/bin/git: No such file or directory
/home/feera/scripts/autopush.sh: line 6: usr/bin/git: No such file or directory
/home/feera/scripts/autopush.sh: line 7: date:: command not found
/home/feera/scripts/autopush.sh: line 7: usr/bin/git: No such file or directory
/home/feera/scripts/autopush.sh: line 8: usr/bin/git: No such file or directory
/home/feera/scripts/autopush.sh: line 6: usr/bin/git: No such file or directory
/home/feera/scripts/autopush.sh: line 7: date:: command not found
/home/feera/scripts/autopush.sh: line 7: usr/bin/git: No such file or directory
/home/feera/scripts/autopush.sh: line 8: usr/bin/git: No such file or directory
[feera 1f0ff85] Auto Push: 2026-05-18 14:40:01
 2 files changed, 39 insertions(+)
 create mode 100644 .autopush.sh.swp
To https://github.com/Dev0595/Scripts.git
   82d437c..1f0ff85  feera -> feera
/bin/sh: 1: /home/feera/scripts/autopush.sh: not found
/bin/sh: 1: /home/feera/scripts/autopush.sh: not found
/bin/sh: 1: /home/feera/scripts/autopush.sh: not found
/bin/sh: 1: /home/feera/scripts/autopush.sh: not found
/bin/sh: 1: /home/feera/scripts/autopush.sh: not found
/bin/sh: 1: /home/feera/scripts/autopush.sh: not found
/bin/sh: 1: /home/feera/scripts/autopush.sh: not found
